# JRE version: OpenJDK Runtime Environment Temurin-21.0.9+10 (21.0.9+10) (build 21.0.9+10-LTS)
# Java VM: OpenJDK 64-Bit Server VM Temurin-21.0.9+10 (21.0.9+10-LTS, mixed mode, sharing, tiered, compressed oops, compressed class ptrs, parallel gc, windows-amd64)
GC Precious Log:
 CardTable entry size: 512
 CPUs: 16 total, 16 available
 Memory: 16052M
 Large Page Support: Disabled
 NUMA Support: Disabled
 Compressed Oops: Enabled (32-bit)
 Alignments: Space 512K, Generation 512K, Heap 2M
 Heap Min Capacity: 100M
 Heap Initial Capacity: 100M
 Heap Max Capacity: 2G
 Pre-touch: Disabled
 Parallel Workers: 13
Heap:
 PSYoungGen      total 7168K, used 3967K [0x00000000d5580000, 0x00000000d5f80000, 0x0000000100000000)
  eden space 4096K, 24% used [0x00000000d5580000,0x00000000d5679da8,0x00000000d5980000)
  from space 3072K, 96% used [0x00000000d5980000,0x00000000d5c66000,0x00000000d5c80000)
  to   space 3072K, 0% used [0x00000000d5c80000,0x00000000d5c80000,0x00000000d5f80000)
 ParOldGen       total 1276416K, used 593737K [0x0000000080000000, 0x00000000cde80000, 0x00000000d5580000)
  object space 1276416K, 46% used [0x0000000080000000,0x00000000a43d2578,0x00000000cde80000)
 Metaspace       used 85339K, committed 86912K, reserved 1179648K
  class space    used 8575K, committed 9280K, reserved 1048576K
GC Heap History (20 events):
Event: 1242.181 GC heap before
{Heap before GC invocations=3731 (full 5):
 PSYoungGen      total 6656K, used 3632K [0x00000000d5580000, 0x00000000d5f00000, 0x0000000100000000)
  eden space 3072K, 100% used [0x00000000d5580000,0x00000000d5880000,0x00000000d5880000)
  from space 3584K, 15% used [0x00000000d5980000,0x00000000d5a0c010,0x00000000d5d00000)
  to   space 1536K, 0% used [0x00000000d5d80000,0x00000000d5d80000,0x00000000d5f00000)
 ParOldGen       total 1276416K, used 574823K [0x0000000080000000, 0x00000000cde80000, 0x00000000d5580000)
  object space 1276416K, 45% used [0x0000000080000000,0x00000000a3159da0,0x00000000cde80000)
 Metaspace       used 85330K, committed 86912K, reserved 1179648K
  class space    used 8575K, committed 9280K, reserved 1048576K
}
Event: 1242.182 GC heap after
{Heap after GC invocations=3731 (full 5):
 PSYoungGen      total 3584K, used 512K [0x00000000d5580000, 0x00000000d5e00000, 0x0000000100000000)
  eden space 3072K, 0% used [0x00000000d5580000,0x00000000d5580000,0x00000000d5880000)
  from space 512K, 100% used [0x00000000d5d80000,0x00000000d5e00000,0x00000000d5e00000)
  to   space 1024K, 0% used [0x00000000d5c00000,0x00000000d5c00000,0x00000000d5d00000)
 ParOldGen       total 1276416K, used 574919K [0x0000000080000000, 0x00000000cde80000, 0x00000000d5580000)
  object space 1276416K, 45% used [0x0000000080000000,0x00000000a3171da0,0x00000000cde80000)
 Metaspace       used 85330K, committed 86912K, reserved 1179648K
  class space    used 8575K, committed 9280K, reserved 1048576K
}
Event: 1242.333 GC heap before
{Heap before GC invocations=3732 (full 5):
 PSYoungGen      total 3584K, used 3583K [0x00000000d5580000, 0x00000000d5e00000, 0x0000000100000000)
  eden space 3072K, 99% used [0x00000000d5580000,0x00000000d587fff8,0x00000000d5880000)
  from space 512K, 100% used [0x00000000d5d80000,0x00000000d5e00000,0x00000000d5e00000)
  to   space 1024K, 0% used [0x00000000d5c00000,0x00000000d5c00000,0x00000000d5d00000)
 ParOldGen       total 1276416K, used 574919K [0x0000000080000000, 0x00000000cde80000, 0x00000000d5580000)
  object space 1276416K, 45% used [0x0000000080000000,0x00000000a3171da0,0x00000000cde80000)
 Metaspace       used 85330K, committed 86912K, reserved 1179648K
  class space    used 8575K, committed 9280K, reserved 1048576K
}
Event: 1242.336 GC heap after
{Heap after GC invocations=3732 (full 5):
 PSYoungGen      total 4096K, used 544K [0x00000000d5580000, 0x00000000d5e00000, 0x0000000100000000)
  eden space 3072K, 0% used [0x00000000d5580000,0x00000000d5580000,0x00000000d5880000)
  from space 1024K, 53% used [0x00000000d5c00000,0x00000000d5c88000,0x00000000d5d00000)
  to   space 1024K, 0% used [0x00000000d5d00000,0x00000000d5d00000,0x00000000d5e00000)
 ParOldGen       total 1276416K, used 574927K [0x0000000080000000, 0x00000000cde80000, 0x00000000d5580000)
  object space 1276416K, 45% used [0x0000000080000000,0x00000000a3173da0,0x00000000cde80000)
 Metaspace       used 85330K, committed 86912K, reserved 1179648K
  class space    used 8575K, committed 9280K, reserved 1048576K
}
Event: 1244.498 GC heap before
{Heap before GC invocations=3733 (full 5):
 PSYoungGen      total 4096K, used 3616K [0x00000000d5580000, 0x00000000d5e00000, 0x0000000100000000)
  eden space 3072K, 100% used [0x00000000d5580000,0x00000000d5880000,0x00000000d5880000)
  from space 1024K, 53% used [0x00000000d5c00000,0x00000000d5c88000,0x00000000d5d00000)
  to   space 1024K, 0% used [0x00000000d5d00000,0x00000000d5d00000,0x00000000d5e00000)
 ParOldGen       total 1276416K, used 574927K [0x0000000080000000, 0x00000000cde80000, 0x00000000d5580000)
  object space 1276416K, 45% used [0x0000000080000000,0x00000000a3173da0,0x00000000cde80000)
 Metaspace       used 85333K, committed 86912K, reserved 1179648K
  class space    used 8575K, committed 9280K, reserved 1048576K
}
Event: 1244.503 GC heap after
{Heap after GC invocations=3733 (full 5):
 PSYoungGen      total 4096K, used 1001K [0x00000000d5580000, 0x00000000d5e00000, 0x0000000100000000)
  eden space 3072K, 0% used [0x00000000d5580000,0x00000000d5580000,0x00000000d5880000)
  from space 1024K, 97% used [0x00000000d5d00000,0x00000000d5dfa570,0x00000000d5e00000)
  to   space 2560K, 0% used [0x00000000d5900000,0x00000000d5900000,0x00000000d5b80000)
 ParOldGen       total 1276416K, used 576191K [0x0000000080000000, 0x00000000cde80000, 0x00000000d5580000)
  object space 1276416K, 45% used [0x0000000080000000,0x00000000a32afda0,0x00000000cde80000)
 Metaspace       used 85333K, committed 86912K, reserved 1179648K
  class space    used 8575K, committed 9280K, reserved 1048576K
}
Event: 1244.514 GC heap before
{Heap before GC invocations=3734 (full 5):
 PSYoungGen      total 4096K, used 4069K [0x00000000d5580000, 0x00000000d5e00000, 0x0000000100000000)
  eden space 3072K, 99% used [0x00000000d5580000,0x00000000d587eec0,0x00000000d5880000)
  from space 1024K, 97% used [0x00000000d5d00000,0x00000000d5dfa570,0x00000000d5e00000)
  to   space 2560K, 0% used [0x00000000d5900000,0x00000000d5900000,0x00000000d5b80000)
 ParOldGen       total 1276416K, used 576191K [0x0000000080000000, 0x00000000cde80000, 0x00000000d5580000)
  object space 1276416K, 45% used [0x0000000080000000,0x00000000a32afda0,0x00000000cde80000)
 Metaspace       used 85333K, committed 86912K, reserved 1179648K
  class space    used 8575K, committed 9280K, reserved 1048576K
}
Event: 1244.520 GC heap after
{Heap after GC invocations=3734 (full 5):
 PSYoungGen      total 5632K, used 2530K [0x00000000d5580000, 0x00000000d6180000, 0x0000000100000000)
  eden space 3072K, 0% used [0x00000000d5580000,0x00000000d5580000,0x00000000d5880000)
  from space 2560K, 98% used [0x00000000d5900000,0x00000000d5b78800,0x00000000d5b80000)
  to   space 4608K, 0% used [0x00000000d5d00000,0x00000000d5d00000,0x00000000d6180000)
 ParOldGen       total 1276416K, used 577789K [0x0000000080000000, 0x00000000cde80000, 0x00000000d5580000)
  object space 1276416K, 45% used [0x0000000080000000,0x00000000a343f5d8,0x00000000cde80000)
 Metaspace       used 85333K, committed 86912K, reserved 1179648K
  class space    used 8575K, committed 9280K, reserved 1048576K
}
Event: 1244.541 GC heap before
{Heap before GC invocations=3735 (full 5):
 PSYoungGen      total 5632K, used 5602K [0x00000000d5580000, 0x00000000d6180000, 0x0000000100000000)
  eden space 3072K, 100% used [0x00000000d5580000,0x00000000d5880000,0x00000000d5880000)
  from space 2560K, 98% used [0x00000000d5900000,0x00000000d5b78800,0x00000000d5b80000)
  to   space 4608K, 0% used [0x00000000d5d00000,0x00000000d5d00000,0x00000000d6180000)
 ParOldGen       total 1276416K, used 577789K [0x0000000080000000, 0x00000000cde80000, 0x00000000d5580000)
  object space 1276416K, 45% used [0x0000000080000000,0x00000000a343f5d8,0x00000000cde80000)
 Metaspace       used 85333K, committed 86912K, reserved 1179648K
  class space    used 8575K, committed 9280K, reserved 1048576K
}
Event: 1244.548 GC heap after
{Heap after GC invocations=3735 (full 5):
 PSYoungGen      total 6144K, used 2664K [0x00000000d5580000, 0x00000000d6000000, 0x0000000100000000)
  eden space 3072K, 0% used [0x00000000d5580000,0x00000000d5580000,0x00000000d5880000)
  from space 3072K, 86% used [0x00000000d5d00000,0x00000000d5f9a190,0x00000000d6000000)
  to   space 3584K, 0% used [0x00000000d5900000,0x00000000d5900000,0x00000000d5c80000)
 ParOldGen       total 1276416K, used 580285K [0x0000000080000000, 0x00000000cde80000, 0x00000000d5580000)
  object space 1276416K, 45% used [0x0000000080000000,0x00000000a36af5d8,0x00000000cde80000)
 Metaspace       used 85333K, committed 86912K, reserved 1179648K
  class space    used 8575K, committed 9280K, reserved 1048576K
}
Event: 1244.589 GC heap before
{Heap before GC invocations=3736 (full 5):
 PSYoungGen      total 6144K, used 5736K [0x00000000d5580000, 0x00000000d6000000, 0x0000000100000000)
  eden space 3072K, 99% used [0x00000000d5580000,0x00000000d587ffd8,0x00000000d5880000)
  from space 3072K, 86% used [0x00000000d5d00000,0x00000000d5f9a190,0x00000000d6000000)
  to   space 3584K, 0% used [0x00000000d5900000,0x00000000d5900000,0x00000000d5c80000)
 ParOldGen       total 1276416K, used 580285K [0x0000000080000000, 0x00000000cde80000, 0x00000000d5580000)
  object space 1276416K, 45% used [0x0000000080000000,0x00000000a36af5d8,0x00000000cde80000)
 Metaspace       used 85333K, committed 86912K, reserved 1179648K
  class space    used 8575K, committed 9280K, reserved 1048576K
}
Event: 1244.595 GC heap after
{Heap after GC invocations=3736 (full 5):
 PSYoungGen      total 6144K, used 2832K [0x00000000d5580000, 0x00000000d5e80000, 0x0000000100000000)
  eden space 3072K, 0% used [0x00000000d5580000,0x00000000d5580000,0x00000000d5880000)
  from space 3072K, 92% used [0x00000000d5900000,0x00000000d5bc4000,0x00000000d5c00000)
  to   space 2560K, 0% used [0x00000000d5c00000,0x00000000d5c00000,0x00000000d5e80000)
 ParOldGen       total 1276416K, used 582805K [0x0000000080000000, 0x00000000cde80000, 0x00000000d5580000)
  object space 1276416K, 45% used [0x0000000080000000,0x00000000a3925768,0x00000000cde80000)
 Metaspace       used 85333K, committed 86912K, reserved 1179648K
  class space    used 8575K, committed 9280K, reserved 1048576K
}
Event: 1248.962 GC heap before
{Heap before GC invocations=3737 (full 5):
 PSYoungGen      total 6144K, used 5904K [0x00000000d5580000, 0x00000000d5e80000, 0x0000000100000000)
  eden space 3072K, 100% used [0x00000000d5580000,0x00000000d5880000,0x00000000d5880000)
  from space 3072K, 92% used [0x00000000d5900000,0x00000000d5bc4000,0x00000000d5c00000)
  to   space 2560K, 0% used [0x00000000d5c00000,0x00000000d5c00000,0x00000000d5e80000)
 ParOldGen       total 1276416K, used 582805K [0x0000000080000000, 0x00000000cde80000, 0x00000000d5580000)
  object space 1276416K, 45% used [0x0000000080000000,0x00000000a3925768,0x00000000cde80000)
 Metaspace       used 85333K, committed 86912K, reserved 1179648K
  class space    used 8575K, committed 9280K, reserved 1048576K
}
Event: 1248.966 GC heap after
{Heap after GC invocations=3737 (full 5):
 PSYoungGen      total 5632K, used 2217K [0x00000000d5580000, 0x00000000d5e80000, 0x0000000100000000)
  eden space 3072K, 0% used [0x00000000d5580000,0x00000000d5580000,0x00000000d5880000)
  from space 2560K, 86% used [0x00000000d5c00000,0x00000000d5e2a570,0x00000000d5e80000)
  to   space 2560K, 0% used [0x00000000d5980000,0x00000000d5980000,0x00000000d5c00000)
 ParOldGen       total 1276416K, used 585517K [0x0000000080000000, 0x00000000cde80000, 0x00000000d5580000)
  object space 1276416K, 45% used [0x0000000080000000,0x00000000a3bcb768,0x00000000cde80000)
 Metaspace       used 85333K, committed 86912K, reserved 1179648K
  class space    used 8575K, committed 9280K, reserved 1048576K
}
Event: 1248.979 GC heap before
{Heap before GC invocations=3738 (full 5):
 PSYoungGen      total 5632K, used 5270K [0x00000000d5580000, 0x00000000d5e80000, 0x0000000100000000)
  eden space 3072K, 99% used [0x00000000d5580000,0x00000000d587b590,0x00000000d5880000)
  from space 2560K, 86% used [0x00000000d5c00000,0x00000000d5e2a570,0x00000000d5e80000)
  to   space 2560K, 0% used [0x00000000d5980000,0x00000000d5980000,0x00000000d5c00000)
 ParOldGen       total 1276416K, used 585517K [0x0000000080000000, 0x00000000cde80000, 0x00000000d5580000)
  object space 1276416K, 45% used [0x0000000080000000,0x00000000a3bcb768,0x00000000cde80000)
 Metaspace       used 85333K, committed 86912K, reserved 1179648K
  class space    used 8575K, committed 9280K, reserved 1048576K
}
Event: 1248.984 GC heap after
{Heap after GC invocations=3738 (full 5):
 PSYoungGen      total 5632K, used 2545K [0x00000000d5580000, 0x00000000d6480000, 0x0000000100000000)
  eden space 3072K, 0% used [0x00000000d5580000,0x00000000d5580000,0x00000000d5880000)
  from space 2560K, 99% used [0x00000000d5980000,0x00000000d5bfc400,0x00000000d5c00000)
  to   space 6144K, 0% used [0x00000000d5e80000,0x00000000d5e80000,0x00000000d6480000)
 ParOldGen       total 1276416K, used 588480K [0x0000000080000000, 0x00000000cde80000, 0x00000000d5580000)
  object space 1276416K, 46% used [0x0000000080000000,0x00000000a3eb0258,0x00000000cde80000)
 Metaspace       used 85333K, committed 86912K, reserved 1179648K
  class space    used 8575K, committed 9280K, reserved 1048576K
}
Event: 1249.008 GC heap before
{Heap before GC invocations=3739 (full 5):
 PSYoungGen      total 5632K, used 5617K [0x00000000d5580000, 0x00000000d6480000, 0x0000000100000000)
  eden space 3072K, 100% used [0x00000000d5580000,0x00000000d5880000,0x00000000d5880000)
  from space 2560K, 99% used [0x00000000d5980000,0x00000000d5bfc400,0x00000000d5c00000)
  to   space 6144K, 0% used [0x00000000d5e80000,0x00000000d5e80000,0x00000000d6480000)
 ParOldGen       total 1276416K, used 588480K [0x0000000080000000, 0x00000000cde80000, 0x00000000d5580000)
  object space 1276416K, 46% used [0x0000000080000000,0x00000000a3eb0258,0x00000000cde80000)
 Metaspace       used 85333K, committed 86912K, reserved 1179648K
  class space    used 8575K, committed 9280K, reserved 1048576K
}
Event: 1249.013 GC heap after
{Heap after GC invocations=3739 (full 5):
 PSYoungGen      total 6144K, used 2568K [0x00000000d5580000, 0x00000000d6180000, 0x0000000100000000)
  eden space 3072K, 0% used [0x00000000d5580000,0x00000000d5580000,0x00000000d5880000)
  from space 3072K, 83% used [0x00000000d5e80000,0x00000000d6102190,0x00000000d6180000)
  to   space 4096K, 0% used [0x00000000d5980000,0x00000000d5980000,0x00000000d5d80000)
 ParOldGen       total 1276416K, used 591048K [0x0000000080000000, 0x00000000cde80000, 0x00000000d5580000)
  object space 1276416K, 46% used [0x0000000080000000,0x00000000a4132258,0x00000000cde80000)
 Metaspace       used 85333K, committed 86912K, reserved 1179648K
  class space    used 8575K, committed 9280K, reserved 1048576K
}
Event: 1249.020 GC heap before
{Heap before GC invocations=3740 (full 5):
 PSYoungGen      total 6144K, used 5640K [0x00000000d5580000, 0x00000000d6180000, 0x0000000100000000)
  eden space 3072K, 100% used [0x00000000d5580000,0x00000000d5880000,0x00000000d5880000)
  from space 3072K, 83% used [0x00000000d5e80000,0x00000000d6102190,0x00000000d6180000)
  to   space 4096K, 0% used [0x00000000d5980000,0x00000000d5980000,0x00000000d5d80000)
 ParOldGen       total 1276416K, used 591048K [0x0000000080000000, 0x00000000cde80000, 0x00000000d5580000)
  object space 1276416K, 46% used [0x0000000080000000,0x00000000a4132258,0x00000000cde80000)
 Metaspace       used 85333K, committed 86912K, reserved 1179648K
  class space    used 8575K, committed 9280K, reserved 1048576K
}
Event: 1249.024 GC heap after
{Heap after GC invocations=3740 (full 5):
 PSYoungGen      total 7168K, used 2968K [0x00000000d5580000, 0x00000000d5f80000, 0x0000000100000000)
  eden space 4096K, 0% used [0x00000000d5580000,0x00000000d5580000,0x00000000d5980000)
  from space 3072K, 96% used [0x00000000d5980000,0x00000000d5c66000,0x00000000d5c80000)
  to   space 3072K, 0% used [0x00000000d5c80000,0x00000000d5c80000,0x00000000d5f80000)
 ParOldGen       total 1276416K, used 593737K [0x0000000080000000, 0x00000000cde80000, 0x00000000d5580000)
  object space 1276416K, 46% used [0x0000000080000000,0x00000000a43d2578,0x00000000cde80000)
 Metaspace       used 85333K, committed 86912K, reserved 1179648K
  class space    used 8575K, committed 9280K, reserved 1048576K
}

